2023-10-30 13:25:10.203  INFO 20346 --- [restartedMain] c.c.cozastore.CozastoreApplication       : Starting CozastoreApplication using Java 17.0.8.1 on Maliketh with PID 20346 (/home/maliketh/DEVELOPMENT/PROJECT/cozastore/BackEnd/target/classes started by maliketh in /home/maliketh/DEVELOPMENT/PROJECT/cozastore/BackEnd)
2023-10-30 13:25:10.208  INFO 20346 --- [restartedMain] c.c.cozastore.CozastoreApplication       : No active profile set, falling back to 1 default profile: "default"
2023-10-30 13:25:10.249  INFO 20346 --- [restartedMain] .e.DevToolsPropertyDefaultsPostProcessor : Devtools property defaults active! Set 'spring.devtools.add-properties' to 'false' to disable
2023-10-30 13:25:10.249  INFO 20346 --- [restartedMain] .e.DevToolsPropertyDefaultsPostProcessor : For additional web related logging consider setting the 'logging.level.web' property to 'DEBUG'
2023-10-30 13:25:11.300  INFO 20346 --- [restartedMain] .s.d.r.c.RepositoryConfigurationDelegate : Bootstrapping Spring Data JPA repositories in DEFAULT mode.
2023-10-30 13:25:11.377  INFO 20346 --- [restartedMain] .s.d.r.c.RepositoryConfigurationDelegate : Finished Spring Data repository scanning in 68 ms. Found 5 JPA repository interfaces.
2023-10-30 13:25:12.149  INFO 20346 --- [restartedMain] o.s.b.w.embedded.tomcat.TomcatWebServer  : Tomcat initialized with port(s): 8080 (http)
2023-10-30 13:25:12.161  INFO 20346 --- [restartedMain] o.apache.catalina.core.StandardService   : Starting service [Tomcat]
2023-10-30 13:25:12.162  INFO 20346 --- [restartedMain] org.apache.catalina.core.StandardEngine  : Starting Servlet engine: [Apache Tomcat/9.0.80]
2023-10-30 13:25:12.247  INFO 20346 --- [restartedMain] o.a.c.c.C.[Tomcat].[localhost].[/]       : Initializing Spring embedded WebApplicationContext
2023-10-30 13:25:12.248  INFO 20346 --- [restartedMain] w.s.c.ServletWebServerApplicationContext : Root WebApplicationContext: initialization completed in 1999 ms
2023-10-30 13:25:12.816  INFO 20346 --- [restartedMain] o.hibernate.jpa.internal.util.LogHelper  : HHH000204: Processing PersistenceUnitInfo [name: default]
2023-10-30 13:25:12.926  INFO 20346 --- [restartedMain] org.hibernate.Version                    : HHH000412: Hibernate ORM core version 5.6.15.Final
2023-10-30 13:25:13.316  INFO 20346 --- [restartedMain] o.hibernate.annotations.common.Version   : HCANN000001: Hibernate Commons Annotations {5.1.2.Final}
2023-10-30 13:25:13.505  INFO 20346 --- [restartedMain] com.zaxxer.hikari.HikariDataSource       : HikariPool-1 - Starting...
2023-10-30 13:25:14.113  INFO 20346 --- [restartedMain] com.zaxxer.hikari.HikariDataSource       : HikariPool-1 - Start completed.
2023-10-30 13:25:14.142  INFO 20346 --- [restartedMain] org.hibernate.dialect.Dialect            : HHH000400: Using dialect: org.hibernate.dialect.MySQL8Dialect
2023-10-30 13:25:15.703  INFO 20346 --- [restartedMain] o.h.e.t.j.p.i.JtaPlatformInitiator       : HHH000490: Using JtaPlatform implementation: [org.hibernate.engine.transaction.jta.platform.internal.NoJtaPlatform]
2023-10-30 13:25:15.721  INFO 20346 --- [restartedMain] j.LocalContainerEntityManagerFactoryBean : Initialized JPA EntityManagerFactory for persistence unit 'default'
2023-10-30 13:25:16.636  INFO 20346 --- [restartedMain] o.s.s.web.DefaultSecurityFilterChain     : Will secure any request with [org.springframework.security.web.session.DisableEncodeUrlFilter@7a95c3b3, org.springframework.security.web.context.request.async.WebAsyncManagerIntegrationFilter@2b225eb, org.springframework.security.web.context.SecurityContextPersistenceFilter@46fa54a1, org.springframework.security.web.header.HeaderWriterFilter@5eaeb067, org.springframework.security.web.authentication.logout.LogoutFilter@639479d2, com.cybersoft.cozastore.filter.AuthFilter@174ab255, org.springframework.security.web.savedrequest.RequestCacheAwareFilter@6174d9a5, org.springframework.security.web.servletapi.SecurityContextHolderAwareRequestFilter@30f85aaa, org.springframework.security.web.authentication.AnonymousAuthenticationFilter@15056054, org.springframework.security.web.session.SessionManagementFilter@7a530bd7, org.springframework.security.web.access.ExceptionTranslationFilter@6793c96a, org.springframework.security.web.access.intercept.AuthorizationFilter@aee462c]
2023-10-30 13:25:16.699  WARN 20346 --- [restartedMain] JpaBaseConfiguration$JpaWebConfiguration : spring.jpa.open-in-view is enabled by default. Therefore, database queries may be performed during view rendering. Explicitly configure spring.jpa.open-in-view to disable this warning
2023-10-30 13:25:17.361  INFO 20346 --- [restartedMain] o.s.b.d.a.OptionalLiveReloadServer       : LiveReload server is running on port 35729
2023-10-30 13:25:17.369  INFO 20346 --- [restartedMain] o.s.b.a.e.web.EndpointLinksResolver      : Exposing 1 endpoint(s) beneath base path '/actuator'
2023-10-30 13:25:17.427  INFO 20346 --- [restartedMain] o.s.b.w.embedded.tomcat.TomcatWebServer  : Tomcat started on port(s): 8080 (http) with context path ''
2023-10-30 13:25:17.457  INFO 20346 --- [restartedMain] c.c.cozastore.CozastoreApplication       : Started CozastoreApplication in 7.514 seconds (JVM running for 8.211)
2023-10-30 13:27:00.300  INFO 20346 --- [http-nio-8080-exec-1] o.a.c.c.C.[Tomcat].[localhost].[/]       : Initializing Spring DispatcherServlet 'dispatcherServlet'
2023-10-30 13:27:00.300  INFO 20346 --- [http-nio-8080-exec-1] o.s.web.servlet.DispatcherServlet        : Initializing Servlet 'dispatcherServlet'
2023-10-30 13:27:00.301  INFO 20346 --- [http-nio-8080-exec-1] o.s.web.servlet.DispatcherServlet        : Completed initialization in 1 ms
2023-10-30 13:30:40.507  INFO 20346 --- [SpringApplicationShutdownHook] j.LocalContainerEntityManagerFactoryBean : Closing JPA EntityManagerFactory for persistence unit 'default'
2023-10-30 13:30:40.512  INFO 20346 --- [SpringApplicationShutdownHook] com.zaxxer.hikari.HikariDataSource       : HikariPool-1 - Shutdown initiated...
2023-10-30 13:30:40.529  INFO 20346 --- [SpringApplicationShutdownHook] com.zaxxer.hikari.HikariDataSource       : HikariPool-1 - Shutdown completed.
2023-10-30 13:30:44.533  INFO 21594 --- [restartedMain] c.c.cozastore.CozastoreApplication       : Starting CozastoreApplication using Java 17.0.8.1 on Maliketh with PID 21594 (/home/maliketh/DEVELOPMENT/PROJECT/cozastore/BackEnd/target/classes started by maliketh in /home/maliketh/DEVELOPMENT/PROJECT/cozastore/BackEnd)
2023-10-30 13:30:44.536  INFO 21594 --- [restartedMain] c.c.cozastore.CozastoreApplication       : No active profile set, falling back to 1 default profile: "default"
2023-10-30 13:30:44.635  INFO 21594 --- [restartedMain] .e.DevToolsPropertyDefaultsPostProcessor : Devtools property defaults active! Set 'spring.devtools.add-properties' to 'false' to disable
2023-10-30 13:30:44.635  INFO 21594 --- [restartedMain] .e.DevToolsPropertyDefaultsPostProcessor : For additional web related logging consider setting the 'logging.level.web' property to 'DEBUG'
2023-10-30 13:30:46.039  INFO 21594 --- [restartedMain] .s.d.r.c.RepositoryConfigurationDelegate : Bootstrapping Spring Data JPA repositories in DEFAULT mode.
2023-10-30 13:30:46.110  INFO 21594 --- [restartedMain] .s.d.r.c.RepositoryConfigurationDelegate : Finished Spring Data repository scanning in 61 ms. Found 5 JPA repository interfaces.
2023-10-30 13:30:46.794  INFO 21594 --- [restartedMain] o.s.b.w.embedded.tomcat.TomcatWebServer  : Tomcat initialized with port(s): 8080 (http)
2023-10-30 13:30:46.803  INFO 21594 --- [restartedMain] o.apache.catalina.core.StandardService   : Starting service [Tomcat]
2023-10-30 13:30:46.804  INFO 21594 --- [restartedMain] org.apache.catalina.core.StandardEngine  : Starting Servlet engine: [Apache Tomcat/9.0.80]
2023-10-30 13:30:46.888  INFO 21594 --- [restartedMain] o.a.c.c.C.[Tomcat].[localhost].[/]       : Initializing Spring embedded WebApplicationContext
2023-10-30 13:30:46.888  INFO 21594 --- [restartedMain] w.s.c.ServletWebServerApplicationContext : Root WebApplicationContext: initialization completed in 2252 ms
2023-10-30 13:30:47.413  INFO 21594 --- [restartedMain] o.hibernate.jpa.internal.util.LogHelper  : HHH000204: Processing PersistenceUnitInfo [name: default]
2023-10-30 13:30:47.510  INFO 21594 --- [restartedMain] org.hibernate.Version                    : HHH000412: Hibernate ORM core version 5.6.15.Final
2023-10-30 13:30:47.870  INFO 21594 --- [restartedMain] o.hibernate.annotations.common.Version   : HCANN000001: Hibernate Commons Annotations {5.1.2.Final}
2023-10-30 13:30:48.048  INFO 21594 --- [restartedMain] com.zaxxer.hikari.HikariDataSource       : HikariPool-1 - Starting...
2023-10-30 13:30:48.751  INFO 21594 --- [restartedMain] com.zaxxer.hikari.HikariDataSource       : HikariPool-1 - Start completed.
2023-10-30 13:30:48.790  INFO 21594 --- [restartedMain] org.hibernate.dialect.Dialect            : HHH000400: Using dialect: org.hibernate.dialect.MySQL8Dialect
2023-10-30 13:30:50.853  INFO 21594 --- [restartedMain] o.h.e.t.j.p.i.JtaPlatformInitiator       : HHH000490: Using JtaPlatform implementation: [org.hibernate.engine.transaction.jta.platform.internal.NoJtaPlatform]
2023-10-30 13:30:50.867  INFO 21594 --- [restartedMain] j.LocalContainerEntityManagerFactoryBean : Initialized JPA EntityManagerFactory for persistence unit 'default'
2023-10-30 13:30:51.772  INFO 21594 --- [restartedMain] o.s.s.web.DefaultSecurityFilterChain     : Will secure any request with [org.springframework.security.web.session.DisableEncodeUrlFilter@462bf732, org.springframework.security.web.context.request.async.WebAsyncManagerIntegrationFilter@697798, org.springframework.security.web.context.SecurityContextPersistenceFilter@3b51a7a7, org.springframework.security.web.header.HeaderWriterFilter@22c9819b, org.springframework.security.web.authentication.logout.LogoutFilter@1ceb2002, com.cybersoft.cozastore.filter.AuthFilter@5160bc4b, org.springframework.security.web.savedrequest.RequestCacheAwareFilter@54ffa3a, org.springframework.security.web.servletapi.SecurityContextHolderAwareRequestFilter@7a0db42e, org.springframework.security.web.authentication.AnonymousAuthenticationFilter@4964ae55, org.springframework.security.web.session.SessionManagementFilter@25d7459c, org.springframework.security.web.access.ExceptionTranslationFilter@84f4712, org.springframework.security.web.access.intercept.AuthorizationFilter@7e271463]
2023-10-30 13:30:51.834  WARN 21594 --- [restartedMain] JpaBaseConfiguration$JpaWebConfiguration : spring.jpa.open-in-view is enabled by default. Therefore, database queries may be performed during view rendering. Explicitly configure spring.jpa.open-in-view to disable this warning
2023-10-30 13:30:52.428  INFO 21594 --- [restartedMain] o.s.b.d.a.OptionalLiveReloadServer       : LiveReload server is running on port 35729
2023-10-30 13:30:52.435  INFO 21594 --- [restartedMain] o.s.b.a.e.web.EndpointLinksResolver      : Exposing 1 endpoint(s) beneath base path '/actuator'
2023-10-30 13:30:52.483  INFO 21594 --- [restartedMain] o.s.b.w.embedded.tomcat.TomcatWebServer  : Tomcat started on port(s): 8080 (http) with context path ''
2023-10-30 13:30:52.517  INFO 21594 --- [restartedMain] c.c.cozastore.CozastoreApplication       : Started CozastoreApplication in 8.685 seconds (JVM running for 9.746)
2023-10-30 13:30:56.881  INFO 21594 --- [http-nio-8080-exec-1] o.a.c.c.C.[Tomcat].[localhost].[/]       : Initializing Spring DispatcherServlet 'dispatcherServlet'
2023-10-30 13:30:56.881  INFO 21594 --- [http-nio-8080-exec-1] o.s.web.servlet.DispatcherServlet        : Initializing Servlet 'dispatcherServlet'
2023-10-30 13:30:56.882  INFO 21594 --- [http-nio-8080-exec-1] o.s.web.servlet.DispatcherServlet        : Completed initialization in 1 ms
2023-10-30 16:00:12.213  WARN 21594 --- [HikariPool-1 housekeeper] com.zaxxer.hikari.pool.HikariPool        : HikariPool-1 - Thread starvation or clock leap detected (housekeeper delta=48s772ms855µs732ns).
2023-10-30 20:00:30.808  INFO 21594 --- [SpringApplicationShutdownHook] j.LocalContainerEntityManagerFactoryBean : Closing JPA EntityManagerFactory for persistence unit 'default'
2023-10-30 20:00:30.820  INFO 21594 --- [SpringApplicationShutdownHook] com.zaxxer.hikari.HikariDataSource       : HikariPool-1 - Shutdown initiated...
2023-10-30 20:00:30.832  INFO 21594 --- [SpringApplicationShutdownHook] com.zaxxer.hikari.HikariDataSource       : HikariPool-1 - Shutdown completed.
2023-10-30 21:20:09.967  INFO 69248 --- [restartedMain] c.c.cozastore.CozastoreApplication       : Starting CozastoreApplication using Java 17.0.8.1 on Maliketh with PID 69248 (/home/maliketh/DEVELOPMENT/PROJECT/cozastore/BackEnd/target/classes started by maliketh in /home/maliketh/DEVELOPMENT/PROJECT/cozastore/BackEnd)
2023-10-30 21:20:09.968  INFO 69248 --- [restartedMain] c.c.cozastore.CozastoreApplication       : No active profile set, falling back to 1 default profile: "default"
2023-10-30 21:20:10.002  INFO 69248 --- [restartedMain] .e.DevToolsPropertyDefaultsPostProcessor : Devtools property defaults active! Set 'spring.devtools.add-properties' to 'false' to disable
2023-10-30 21:20:10.002  INFO 69248 --- [restartedMain] .e.DevToolsPropertyDefaultsPostProcessor : For additional web related logging consider setting the 'logging.level.web' property to 'DEBUG'
2023-10-30 21:20:10.852  INFO 69248 --- [restartedMain] .s.d.r.c.RepositoryConfigurationDelegate : Bootstrapping Spring Data JPA repositories in DEFAULT mode.
2023-10-30 21:20:10.918  INFO 69248 --- [restartedMain] .s.d.r.c.RepositoryConfigurationDelegate : Finished Spring Data repository scanning in 57 ms. Found 5 JPA repository interfaces.
2023-10-30 21:20:11.433  INFO 69248 --- [restartedMain] o.s.b.w.embedded.tomcat.TomcatWebServer  : Tomcat initialized with port(s): 8080 (http)
2023-10-30 21:20:11.443  INFO 69248 --- [restartedMain] o.apache.catalina.core.StandardService   : Starting service [Tomcat]
2023-10-30 21:20:11.443  INFO 69248 --- [restartedMain] org.apache.catalina.core.StandardEngine  : Starting Servlet engine: [Apache Tomcat/9.0.80]
2023-10-30 21:20:11.492  INFO 69248 --- [restartedMain] o.a.c.c.C.[Tomcat].[localhost].[/]       : Initializing Spring embedded WebApplicationContext
2023-10-30 21:20:11.492  INFO 69248 --- [restartedMain] w.s.c.ServletWebServerApplicationContext : Root WebApplicationContext: initialization completed in 1490 ms
2023-10-30 21:20:11.767  INFO 69248 --- [restartedMain] o.hibernate.jpa.internal.util.LogHelper  : HHH000204: Processing PersistenceUnitInfo [name: default]
2023-10-30 21:20:11.817  INFO 69248 --- [restartedMain] org.hibernate.Version                    : HHH000412: Hibernate ORM core version 5.6.15.Final
2023-10-30 21:20:11.932  INFO 69248 --- [restartedMain] o.hibernate.annotations.common.Version   : HCANN000001: Hibernate Commons Annotations {5.1.2.Final}
2023-10-30 21:20:11.992  INFO 69248 --- [restartedMain] com.zaxxer.hikari.HikariDataSource       : HikariPool-1 - Starting...
2023-10-30 21:20:12.205  INFO 69248 --- [restartedMain] com.zaxxer.hikari.HikariDataSource       : HikariPool-1 - Start completed.
2023-10-30 21:20:12.216  INFO 69248 --- [restartedMain] org.hibernate.dialect.Dialect            : HHH000400: Using dialect: org.hibernate.dialect.MySQL8Dialect
2023-10-30 21:20:12.816  INFO 69248 --- [restartedMain] o.h.e.t.j.p.i.JtaPlatformInitiator       : HHH000490: Using JtaPlatform implementation: [org.hibernate.engine.transaction.jta.platform.internal.NoJtaPlatform]
2023-10-30 21:20:12.823  INFO 69248 --- [restartedMain] j.LocalContainerEntityManagerFactoryBean : Initialized JPA EntityManagerFactory for persistence unit 'default'
2023-10-30 21:20:13.217  INFO 69248 --- [restartedMain] o.s.s.web.DefaultSecurityFilterChain     : Will secure any request with [org.springframework.security.web.session.DisableEncodeUrlFilter@1139334e, org.springframework.security.web.context.request.async.WebAsyncManagerIntegrationFilter@63bc81ac, org.springframework.security.web.context.SecurityContextPersistenceFilter@55dec4c6, org.springframework.security.web.header.HeaderWriterFilter@3248f9d9, org.springframework.security.web.authentication.logout.LogoutFilter@18c1b7d, com.cybersoft.cozastore.filter.AuthFilter@10dc536d, org.springframework.security.web.savedrequest.RequestCacheAwareFilter@1e9dbde4, org.springframework.security.web.servletapi.SecurityContextHolderAwareRequestFilter@3be9358c, org.springframework.security.web.authentication.AnonymousAuthenticationFilter@670a6517, org.springframework.security.web.session.SessionManagementFilter@5e44d006, org.springframework.security.web.access.ExceptionTranslationFilter@68b06678, org.springframework.security.web.access.intercept.AuthorizationFilter@84f4712]
2023-10-30 21:20:13.254  WARN 69248 --- [restartedMain] JpaBaseConfiguration$JpaWebConfiguration : spring.jpa.open-in-view is enabled by default. Therefore, database queries may be performed during view rendering. Explicitly configure spring.jpa.open-in-view to disable this warning
2023-10-30 21:20:13.610  INFO 69248 --- [restartedMain] o.s.b.d.a.OptionalLiveReloadServer       : LiveReload server is running on port 35729
2023-10-30 21:20:13.614  INFO 69248 --- [restartedMain] o.s.b.a.e.web.EndpointLinksResolver      : Exposing 1 endpoint(s) beneath base path '/actuator'
2023-10-30 21:20:13.646  INFO 69248 --- [restartedMain] o.s.b.w.embedded.tomcat.TomcatWebServer  : Tomcat started on port(s): 8080 (http) with context path ''
2023-10-30 21:20:13.662  INFO 69248 --- [restartedMain] c.c.cozastore.CozastoreApplication       : Started CozastoreApplication in 4.029 seconds (JVM running for 4.782)
2023-10-30 21:20:13.972  INFO 69248 --- [RMI TCP Connection(2)-127.0.0.1] o.a.c.c.C.[Tomcat].[localhost].[/]       : Initializing Spring DispatcherServlet 'dispatcherServlet'
2023-10-30 21:20:13.972  INFO 69248 --- [RMI TCP Connection(2)-127.0.0.1] o.s.web.servlet.DispatcherServlet        : Initializing Servlet 'dispatcherServlet'
2023-10-30 21:20:13.974  INFO 69248 --- [RMI TCP Connection(2)-127.0.0.1] o.s.web.servlet.DispatcherServlet        : Completed initialization in 1 ms
2023-10-30 21:34:04.964  INFO 69248 --- [SpringApplicationShutdownHook] j.LocalContainerEntityManagerFactoryBean : Closing JPA EntityManagerFactory for persistence unit 'default'
2023-10-30 21:34:04.969  INFO 69248 --- [SpringApplicationShutdownHook] com.zaxxer.hikari.HikariDataSource       : HikariPool-1 - Shutdown initiated...
2023-10-30 21:34:04.981  INFO 69248 --- [SpringApplicationShutdownHook] com.zaxxer.hikari.HikariDataSource       : HikariPool-1 - Shutdown completed.
2023-10-30 21:34:08.096  INFO 72059 --- [restartedMain] c.c.cozastore.CozastoreApplication       : Starting CozastoreApplication using Java 17.0.8.1 on Maliketh with PID 72059 (/home/maliketh/DEVELOPMENT/PROJECT/cozastore/BackEnd/target/classes started by maliketh in /home/maliketh/DEVELOPMENT/PROJECT/cozastore/BackEnd)
2023-10-30 21:34:08.098  INFO 72059 --- [restartedMain] c.c.cozastore.CozastoreApplication       : No active profile set, falling back to 1 default profile: "default"
2023-10-30 21:34:08.134  INFO 72059 --- [restartedMain] .e.DevToolsPropertyDefaultsPostProcessor : Devtools property defaults active! Set 'spring.devtools.add-properties' to 'false' to disable
2023-10-30 21:34:08.134  INFO 72059 --- [restartedMain] .e.DevToolsPropertyDefaultsPostProcessor : For additional web related logging consider setting the 'logging.level.web' property to 'DEBUG'
2023-10-30 21:34:09.124  INFO 72059 --- [restartedMain] .s.d.r.c.RepositoryConfigurationDelegate : Bootstrapping Spring Data JPA repositories in DEFAULT mode.
2023-10-30 21:34:09.186  INFO 72059 --- [restartedMain] .s.d.r.c.RepositoryConfigurationDelegate : Finished Spring Data repository scanning in 53 ms. Found 5 JPA repository interfaces.
2023-10-30 21:34:09.730  INFO 72059 --- [restartedMain] o.s.b.w.embedded.tomcat.TomcatWebServer  : Tomcat initialized with port(s): 8080 (http)
2023-10-30 21:34:09.737  INFO 72059 --- [restartedMain] o.apache.catalina.core.StandardService   : Starting service [Tomcat]
2023-10-30 21:34:09.737  INFO 72059 --- [restartedMain] org.apache.catalina.core.StandardEngine  : Starting Servlet engine: [Apache Tomcat/9.0.80]
2023-10-30 21:34:09.779  INFO 72059 --- [restartedMain] o.a.c.c.C.[Tomcat].[localhost].[/]       : Initializing Spring embedded WebApplicationContext
2023-10-30 21:34:09.779  INFO 72059 --- [restartedMain] w.s.c.ServletWebServerApplicationContext : Root WebApplicationContext: initialization completed in 1644 ms
2023-10-30 21:34:09.972  INFO 72059 --- [restartedMain] o.hibernate.jpa.internal.util.LogHelper  : HHH000204: Processing PersistenceUnitInfo [name: default]
2023-10-30 21:34:10.004  INFO 72059 --- [restartedMain] org.hibernate.Version                    : HHH000412: Hibernate ORM core version 5.6.15.Final
2023-10-30 21:34:10.089  INFO 72059 --- [restartedMain] o.hibernate.annotations.common.Version   : HCANN000001: Hibernate Commons Annotations {5.1.2.Final}
2023-10-30 21:34:10.140  INFO 72059 --- [restartedMain] com.zaxxer.hikari.HikariDataSource       : HikariPool-1 - Starting...
2023-10-30 21:34:10.351  INFO 72059 --- [restartedMain] com.zaxxer.hikari.HikariDataSource       : HikariPool-1 - Start completed.
2023-10-30 21:34:10.361  INFO 72059 --- [restartedMain] org.hibernate.dialect.Dialect            : HHH000400: Using dialect: org.hibernate.dialect.MySQL8Dialect
2023-10-30 21:34:10.935  INFO 72059 --- [restartedMain] o.h.e.t.j.p.i.JtaPlatformInitiator       : HHH000490: Using JtaPlatform implementation: [org.hibernate.engine.transaction.jta.platform.internal.NoJtaPlatform]
2023-10-30 21:34:10.942  INFO 72059 --- [restartedMain] j.LocalContainerEntityManagerFactoryBean : Initialized JPA EntityManagerFactory for persistence unit 'default'
2023-10-30 21:34:11.368  INFO 72059 --- [restartedMain] o.s.s.web.DefaultSecurityFilterChain     : Will secure any request with [org.springframework.security.web.session.DisableEncodeUrlFilter@3b51a7a7, org.springframework.security.web.context.request.async.WebAsyncManagerIntegrationFilter@24b5fef4, org.springframework.security.web.context.SecurityContextPersistenceFilter@62975a05, org.springframework.security.web.header.HeaderWriterFilter@fc804b3, org.springframework.security.web.authentication.logout.LogoutFilter@670a6517, com.cybersoft.cozastore.filter.AuthFilter@77477456, org.springframework.security.web.savedrequest.RequestCacheAwareFilter@2eb3ca19, org.springframework.security.web.servletapi.SecurityContextHolderAwareRequestFilter@2b8ee8cb, org.springframework.security.web.authentication.AnonymousAuthenticationFilter@54ffa3a, org.springframework.security.web.session.SessionManagementFilter@27fa0b8d, org.springframework.security.web.access.ExceptionTranslationFilter@5e44d006, org.springframework.security.web.access.intercept.AuthorizationFilter@25d7459c]
2023-10-30 21:34:11.401  WARN 72059 --- [restartedMain] JpaBaseConfiguration$JpaWebConfiguration : spring.jpa.open-in-view is enabled by default. Therefore, database queries may be performed during view rendering. Explicitly configure spring.jpa.open-in-view to disable this warning
2023-10-30 21:34:11.754  INFO 72059 --- [restartedMain] o.s.b.d.a.OptionalLiveReloadServer       : LiveReload server is running on port 35729
2023-10-30 21:34:11.759  INFO 72059 --- [restartedMain] o.s.b.a.e.web.EndpointLinksResolver      : Exposing 1 endpoint(s) beneath base path '/actuator'
2023-10-30 21:34:11.794  INFO 72059 --- [restartedMain] o.s.b.w.embedded.tomcat.TomcatWebServer  : Tomcat started on port(s): 8080 (http) with context path ''
2023-10-30 21:34:11.811  INFO 72059 --- [restartedMain] c.c.cozastore.CozastoreApplication       : Started CozastoreApplication in 3.981 seconds (JVM running for 4.512)
2023-10-30 21:34:12.073  INFO 72059 --- [RMI TCP Connection(3)-127.0.0.1] o.a.c.c.C.[Tomcat].[localhost].[/]       : Initializing Spring DispatcherServlet 'dispatcherServlet'
2023-10-30 21:34:12.073  INFO 72059 --- [RMI TCP Connection(3)-127.0.0.1] o.s.web.servlet.DispatcherServlet        : Initializing Servlet 'dispatcherServlet'
2023-10-30 21:34:12.074  INFO 72059 --- [RMI TCP Connection(3)-127.0.0.1] o.s.web.servlet.DispatcherServlet        : Completed initialization in 1 ms
2023-10-30 21:34:31.372  INFO 72059 --- [SpringApplicationShutdownHook] j.LocalContainerEntityManagerFactoryBean : Closing JPA EntityManagerFactory for persistence unit 'default'
2023-10-30 21:34:31.376  INFO 72059 --- [SpringApplicationShutdownHook] com.zaxxer.hikari.HikariDataSource       : HikariPool-1 - Shutdown initiated...
2023-10-30 21:34:31.389  INFO 72059 --- [SpringApplicationShutdownHook] com.zaxxer.hikari.HikariDataSource       : HikariPool-1 - Shutdown completed.
2023-10-30 21:34:34.252  INFO 72279 --- [restartedMain] c.c.cozastore.CozastoreApplication       : Starting CozastoreApplication using Java 17.0.8.1 on Maliketh with PID 72279 (/home/maliketh/DEVELOPMENT/PROJECT/cozastore/BackEnd/target/classes started by maliketh in /home/maliketh/DEVELOPMENT/PROJECT/cozastore/BackEnd)
2023-10-30 21:34:34.254  INFO 72279 --- [restartedMain] c.c.cozastore.CozastoreApplication       : No active profile set, falling back to 1 default profile: "default"
2023-10-30 21:34:34.301  INFO 72279 --- [restartedMain] .e.DevToolsPropertyDefaultsPostProcessor : Devtools property defaults active! Set 'spring.devtools.add-properties' to 'false' to disable
2023-10-30 21:34:34.301  INFO 72279 --- [restartedMain] .e.DevToolsPropertyDefaultsPostProcessor : For additional web related logging consider setting the 'logging.level.web' property to 'DEBUG'
2023-10-30 21:34:34.917  INFO 72279 --- [restartedMain] .s.d.r.c.RepositoryConfigurationDelegate : Bootstrapping Spring Data JPA repositories in DEFAULT mode.
2023-10-30 21:34:34.956  INFO 72279 --- [restartedMain] .s.d.r.c.RepositoryConfigurationDelegate : Finished Spring Data repository scanning in 32 ms. Found 5 JPA repository interfaces.
2023-10-30 21:34:35.354  INFO 72279 --- [restartedMain] o.s.b.w.embedded.tomcat.TomcatWebServer  : Tomcat initialized with port(s): 8080 (http)
2023-10-30 21:34:35.360  INFO 72279 --- [restartedMain] o.apache.catalina.core.StandardService   : Starting service [Tomcat]
2023-10-30 21:34:35.360  INFO 72279 --- [restartedMain] org.apache.catalina.core.StandardEngine  : Starting Servlet engine: [Apache Tomcat/9.0.80]
2023-10-30 21:34:35.401  INFO 72279 --- [restartedMain] o.a.c.c.C.[Tomcat].[localhost].[/]       : Initializing Spring embedded WebApplicationContext
2023-10-30 21:34:35.401  INFO 72279 --- [restartedMain] w.s.c.ServletWebServerApplicationContext : Root WebApplicationContext: initialization completed in 1099 ms
2023-10-30 21:34:35.618  INFO 72279 --- [restartedMain] o.hibernate.jpa.internal.util.LogHelper  : HHH000204: Processing PersistenceUnitInfo [name: default]
2023-10-30 21:34:35.647  INFO 72279 --- [restartedMain] org.hibernate.Version                    : HHH000412: Hibernate ORM core version 5.6.15.Final
2023-10-30 21:34:35.739  INFO 72279 --- [restartedMain] o.hibernate.annotations.common.Version   : HCANN000001: Hibernate Commons Annotations {5.1.2.Final}
2023-10-30 21:34:35.793  INFO 72279 --- [restartedMain] com.zaxxer.hikari.HikariDataSource       : HikariPool-1 - Starting...
2023-10-30 21:34:35.999  INFO 72279 --- [restartedMain] com.zaxxer.hikari.HikariDataSource       : HikariPool-1 - Start completed.
2023-10-30 21:34:36.010  INFO 72279 --- [restartedMain] org.hibernate.dialect.Dialect            : HHH000400: Using dialect: org.hibernate.dialect.MySQL8Dialect
2023-10-30 21:34:36.577  INFO 72279 --- [restartedMain] o.h.e.t.j.p.i.JtaPlatformInitiator       : HHH000490: Using JtaPlatform implementation: [org.hibernate.engine.transaction.jta.platform.internal.NoJtaPlatform]
2023-10-30 21:34:36.582  INFO 72279 --- [restartedMain] j.LocalContainerEntityManagerFactoryBean : Initialized JPA EntityManagerFactory for persistence unit 'default'
2023-10-30 21:34:37.064  INFO 72279 --- [restartedMain] o.s.s.web.DefaultSecurityFilterChain     : Will secure any request with [org.springframework.security.web.session.DisableEncodeUrlFilter@53e2bdcd, org.springframework.security.web.context.request.async.WebAsyncManagerIntegrationFilter@975f103, org.springframework.security.web.context.SecurityContextPersistenceFilter@51c0ff11, org.springframework.security.web.header.HeaderWriterFilter@6af7259, org.springframework.security.web.authentication.logout.LogoutFilter@15eab286, com.cybersoft.cozastore.filter.AuthFilter@1b3bb8ed, org.springframework.security.web.savedrequest.RequestCacheAwareFilter@595e84cf, org.springframework.security.web.servletapi.SecurityContextHolderAwareRequestFilter@4f1cfe, org.springframework.security.web.authentication.AnonymousAuthenticationFilter@5e670db3, org.springframework.security.web.session.SessionManagementFilter@21572e08, org.springframework.security.web.access.ExceptionTranslationFilter@6e064093, org.springframework.security.web.access.intercept.AuthorizationFilter@5c50c3b9]
2023-10-30 21:34:37.108  WARN 72279 --- [restartedMain] JpaBaseConfiguration$JpaWebConfiguration : spring.jpa.open-in-view is enabled by default. Therefore, database queries may be performed during view rendering. Explicitly configure spring.jpa.open-in-view to disable this warning
2023-10-30 21:34:37.603  INFO 72279 --- [restartedMain] o.s.b.d.a.OptionalLiveReloadServer       : LiveReload server is running on port 35729
2023-10-30 21:34:37.609  INFO 72279 --- [restartedMain] o.s.b.a.e.web.EndpointLinksResolver      : Exposing 1 endpoint(s) beneath base path '/actuator'
2023-10-30 21:34:37.652  INFO 72279 --- [restartedMain] o.s.b.w.embedded.tomcat.TomcatWebServer  : Tomcat started on port(s): 8080 (http) with context path ''
2023-10-30 21:34:37.671  INFO 72279 --- [restartedMain] c.c.cozastore.CozastoreApplication       : Started CozastoreApplication in 3.7 seconds (JVM running for 4.176)
2023-10-30 21:34:37.800  INFO 72279 --- [RMI TCP Connection(2)-127.0.0.1] o.a.c.c.C.[Tomcat].[localhost].[/]       : Initializing Spring DispatcherServlet 'dispatcherServlet'
2023-10-30 21:34:37.801  INFO 72279 --- [RMI TCP Connection(2)-127.0.0.1] o.s.web.servlet.DispatcherServlet        : Initializing Servlet 'dispatcherServlet'
2023-10-30 21:34:37.802  INFO 72279 --- [RMI TCP Connection(2)-127.0.0.1] o.s.web.servlet.DispatcherServlet        : Completed initialization in 1 ms
2023-10-30 21:40:33.531  WARN 72279 --- [HikariPool-1 housekeeper] com.zaxxer.hikari.pool.HikariPool        : HikariPool-1 - Thread starvation or clock leap detected (housekeeper delta=52s578ms297µs644ns).
